2019-06-16 22:44:36,311 INFO o.a.j.u.JMeterUtils: Setting Locale to en_US
2019-06-16 22:44:36,336 INFO o.a.j.JMeter: Loading user properties from: /Users/hienhoang/Desktop/apache-jmeter-5.1.1/bin/user.properties
2019-06-16 22:44:36,336 INFO o.a.j.JMeter: Loading system properties from: /Users/hienhoang/Desktop/apache-jmeter-5.1.1/bin/system.properties
2019-06-16 22:44:36,342 INFO o.a.j.JMeter: Copyright (c) 1998-2019 The Apache Software Foundation
2019-06-16 22:44:36,342 INFO o.a.j.JMeter: Version 5.1.1 r1855137
2019-06-16 22:44:36,343 INFO o.a.j.JMeter: java.version=1.8.0_144
2019-06-16 22:44:36,343 INFO o.a.j.JMeter: java.vm.name=Java HotSpot(TM) 64-Bit Server VM
2019-06-16 22:44:36,343 INFO o.a.j.JMeter: os.name=Mac OS X
2019-06-16 22:44:36,343 INFO o.a.j.JMeter: os.arch=x86_64
2019-06-16 22:44:36,343 INFO o.a.j.JMeter: os.version=10.14.5
2019-06-16 22:44:36,343 INFO o.a.j.JMeter: file.encoding=UTF-8
2019-06-16 22:44:36,343 INFO o.a.j.JMeter: java.awt.headless=null
2019-06-16 22:44:36,343 INFO o.a.j.JMeter: Max memory     =3817865216
2019-06-16 22:44:36,343 INFO o.a.j.JMeter: Available Processors =8
2019-06-16 22:44:36,347 INFO o.a.j.JMeter: Default Locale=English (United States)
2019-06-16 22:44:36,348 INFO o.a.j.JMeter: JMeter  Locale=English (United States)
2019-06-16 22:44:36,348 INFO o.a.j.JMeter: JMeterHome=/Users/hienhoang/Desktop/apache-jmeter-5.1.1
2019-06-16 22:44:36,348 INFO o.a.j.JMeter: user.dir  =/Users/hienhoang/Desktop/jmeter-scripts-demo/section4-threads
2019-06-16 22:44:36,348 INFO o.a.j.JMeter: PWD       =/Users/hienhoang/Desktop/jmeter-scripts-demo/section4-threads
2019-06-16 22:44:41,414 INFO o.a.j.JMeter: IP: 192.168.1.6 Name: Hiens-MacBook-Pro.local FullName: 192.168.1.6
2019-06-16 22:44:43,387 INFO o.a.j.g.a.LookAndFeelCommand: Installing Darcula LAF
2019-06-16 22:44:43,402 INFO o.a.j.g.a.LookAndFeelCommand: Using look and feel: com.apple.laf.AquaLookAndFeel [Darcula]
2019-06-16 22:44:43,402 INFO o.a.j.JMeter: Setting LAF to: com.apple.laf.AquaLookAndFeel
2019-06-16 22:44:43,407 INFO o.a.j.JMeter: Loaded icon properties from org/apache/jmeter/images/icon.properties
2019-06-16 22:44:46,009 WARN o.a.j.u.JMeterUtils: Exception 'For input string: "1000000ss"' occurred when fetching int property:'httpsampler.max_buffer_size', defaulting to: 66560
2019-06-16 22:44:46,011 INFO o.a.j.p.h.s.HTTPSamplerBase: Parser for text/html is org.apache.jmeter.protocol.http.parser.LagartoBasedHtmlParser
2019-06-16 22:44:46,011 INFO o.a.j.p.h.s.HTTPSamplerBase: Parser for application/xhtml+xml is org.apache.jmeter.protocol.http.parser.LagartoBasedHtmlParser
2019-06-16 22:44:46,011 INFO o.a.j.p.h.s.HTTPSamplerBase: Parser for application/xml is org.apache.jmeter.protocol.http.parser.LagartoBasedHtmlParser
2019-06-16 22:44:46,011 INFO o.a.j.p.h.s.HTTPSamplerBase: Parser for text/xml is org.apache.jmeter.protocol.http.parser.LagartoBasedHtmlParser
2019-06-16 22:44:46,011 INFO o.a.j.p.h.s.HTTPSamplerBase: Parser for text/vnd.wap.wml is org.apache.jmeter.protocol.http.parser.RegexpHTMLParser
2019-06-16 22:44:46,011 INFO o.a.j.p.h.s.HTTPSamplerBase: Parser for text/css is org.apache.jmeter.protocol.http.parser.CssParser
2019-06-16 22:44:46,280 INFO o.a.j.e.KeyToolUtils: keytool found at 'keytool'
2019-06-16 22:44:46,281 INFO o.a.j.p.h.p.ProxyControl: HTTP(S) Test Script Recorder SSL Proxy will use keys that support embedded 3rd party resources in file /Users/hienhoang/Desktop/apache-jmeter-5.1.1/bin/proxyserver.jks
2019-06-16 22:44:46,407 INFO o.a.j.s.FileServer: Default base='/Users/hienhoang/Desktop/jmeter-scripts-demo/section4-threads'
2019-06-16 22:44:46,693 INFO o.a.j.s.SampleResult: Note: Sample TimeStamps are START times
2019-06-16 22:44:46,693 INFO o.a.j.s.SampleResult: sampleresult.default.encoding is set to ISO-8859-1
2019-06-16 22:44:46,693 INFO o.a.j.s.SampleResult: sampleresult.useNanoTime=true
2019-06-16 22:44:46,694 INFO o.a.j.s.SampleResult: sampleresult.nanoThreadSleep=5000
2019-06-16 22:44:49,211 INFO o.j.r.JARSourceHTTP: Requesting https://jmeter-plugins.org/repo/?installID=mac_os_x-56e7f2e5e5e6afb0d21f1390a92474e8-gui
2019-06-16 22:44:51,396 INFO o.j.r.PluginManager: Plugins Status: [jpgc-graphs-basic=2.0, jpgc-graphs-additional=2.0, jpgc-casutg=2.9, jpgc-graphs-dist=2.0, jpgc-ffw=2.0, jpgc-json=2.7, jpgc-plugins-manager=1.3, jmeter-core=5.1.1, jmeter-ftp=5.1.1, jmeter-http=5.1.1, jmeter-jdbc=5.1.1, jmeter-jms=5.1.1, jmeter-junit=5.1.1, jmeter-java=5.1.1, jmeter-ldap=5.1.1, jmeter-mail=5.1.1, jmeter-mongodb=5.1.1, jmeter-native=5.1.1, jmeter-tcp=5.1.1, jmeter-components=5.1.1]
